<?xml version="1.0" encoding="UTF-8"?>
<testng-results ignored="0" total="1" passed="1" failed="0" skipped="0">
  <reporter-output>
  </reporter-output>
  <suite started-at="2020-12-25T17:59:04 IST" name="Default suite" finished-at="2020-12-25T17:59:24 IST" duration-ms="20308">
    <groups>
    </groups>
    <test started-at="2020-12-25T17:59:04 IST" name="Default test" finished-at="2020-12-25T17:59:24 IST" duration-ms="20308">
      <class name="com.actiTime.TestScripts.LoginTet">
        <test-method is-config="true" signature="setUp()[pri:0, instance:com.actiTime.TestScripts.LoginTet@6c779568]" started-at="2020-12-25T17:59:04 IST" name="setUp" finished-at="2020-12-25T17:59:22 IST" duration-ms="17668" status="PASS">
          <reporter-output>
          </reporter-output>
        </test-method> <!-- setUp -->
        <test-method signature="login()[pri:0, instance:com.actiTime.TestScripts.LoginTet@6c779568]" started-at="2020-12-25T17:59:22 IST" name="login" finished-at="2020-12-25T17:59:24 IST" duration-ms="2568" status="PASS">
          <reporter-output>
          </reporter-output>
        </test-method> <!-- login -->
      </class> <!-- com.actiTime.TestScripts.LoginTet -->
    </test> <!-- Default test -->
  </suite> <!-- Default suite -->
</testng-results>
